{
"/home/taha/gitrepos/d3-practice/ReactJest/app/helpers/restHelper.js":{"path":"/home/taha/gitrepos/d3-practice/ReactJest/app/helpers/restHelper.js","s":{"1":1,"2":1,"3":1,"4":1,"5":0,"6":0},"b":{},"f":{"1":1,"2":1,"3":0,"4":0},"fnMap":{"1":{"name":"(anonymous_1)","line":6,"loc":{"start":{"line":6,"column":4},"end":{"line":6,"column":10}}},"2":{"name":"(anonymous_2)","line":7,"loc":{"start":{"line":7,"column":21},"end":{"line":7,"column":47}}},"3":{"name":"(anonymous_3)","line":17,"loc":{"start":{"line":17,"column":4},"end":{"line":17,"column":10}}},"4":{"name":"(anonymous_4)","line":18,"loc":{"start":{"line":18,"column":21},"end":{"line":18,"column":47}}}},"statementMap":{"1":{"start":{"line":3,"column":0},"end":{"line":3,"column":26}},"2":{"start":{"line":5,"column":0},"end":{"line":26,"column":5}},"3":{"start":{"line":7,"column":2},"end":{"line":15,"column":5}},"4":{"start":{"line":8,"column":3},"end":{"line":13,"column":13}},"5":{"start":{"line":18,"column":2},"end":{"line":25,"column":5}},"6":{"start":{"line":19,"column":3},"end":{"line":23,"column":13}}},"branchMap":{},"l":{"3":1,"5":1,"7":1,"8":1,"18":0,"19":0}}}
